<?xml version="1.0" encoding="UTF-8"?>
<!-- Generated by org.testng.reporters.JUnitXMLReporter -->
<testsuite ignored="0" hostname="LAPTOP-E0AKRUV9" failures="0" tests="4" name="Default test" time="11.053" errors="0" timestamp="2024-05-08T17:58:10 EEST">
  <testcase classname="curs19.SeleniumLocators" name="tagNameLocator" time="0.07"/>
  <testcase classname="curs19.SeleniumLocators" name="linkTextLocator" time="0.715"/>
  <testcase classname="curs19.SeleniumLocators" name="partialLinkTextLocator" time="1.191"/>
  <testcase classname="curs19.SeleniumLocators" name="classNameLocator" time="0.092"/>
</testsuite> <!-- Default test -->
