<?xml version="1.0" encoding="UTF-8"?>
<testng-results ignored="0" total="5" passed="5" failed="0" skipped="0">
  <reporter-output>
  </reporter-output>
  <suite started-at="2024-04-26T17:54:20 EEST" name="Default suite" finished-at="2024-04-26T17:54:20 EEST" duration-ms="68">
    <groups>
    </groups>
    <test started-at="2024-04-26T17:54:20 EEST" name="Default test" finished-at="2024-04-26T17:54:20 EEST" duration-ms="68">
      <class name="curs17.TestPriority">
        <test-method signature="five()[pri:0, instance:curs17.TestPriority@3427b02d]" started-at="2024-04-26T17:54:20 EEST" name="five" finished-at="2024-04-26T17:54:20 EEST" duration-ms="13" status="PASS">
          <reporter-output>
          </reporter-output>
        </test-method> <!-- five -->
        <test-method signature="four()[pri:0, instance:curs17.TestPriority@3427b02d]" started-at="2024-04-26T17:54:20 EEST" name="four" finished-at="2024-04-26T17:54:20 EEST" duration-ms="1" status="PASS">
          <reporter-output>
          </reporter-output>
        </test-method> <!-- four -->
        <test-method signature="one()[pri:0, instance:curs17.TestPriority@3427b02d]" started-at="2024-04-26T17:54:20 EEST" name="one" finished-at="2024-04-26T17:54:20 EEST" duration-ms="1" status="PASS">
          <reporter-output>
          </reporter-output>
        </test-method> <!-- one -->
        <test-method signature="two()[pri:1, instance:curs17.TestPriority@3427b02d]" started-at="2024-04-26T17:54:20 EEST" name="two" finished-at="2024-04-26T17:54:20 EEST" duration-ms="1" status="PASS">
          <reporter-output>
          </reporter-output>
        </test-method> <!-- two -->
        <test-method signature="three()[pri:2, instance:curs17.TestPriority@3427b02d]" started-at="2024-04-26T17:54:20 EEST" name="three" finished-at="2024-04-26T17:54:20 EEST" duration-ms="2" status="PASS">
          <reporter-output>
          </reporter-output>
        </test-method> <!-- three -->
      </class> <!-- curs17.TestPriority -->
    </test> <!-- Default test -->
  </suite> <!-- Default suite -->
</testng-results>
