<?xml version="1.0" encoding="UTF-8"?>
<testng-results ignored="0" total="4" passed="4" failed="0" skipped="0">
  <reporter-output>
  </reporter-output>
  <suite started-at="2024-05-08T17:57:59 EEST" name="Default suite" finished-at="2024-05-08T17:58:10 EEST" duration-ms="11053">
    <groups>
    </groups>
    <test started-at="2024-05-08T17:57:59 EEST" name="Default test" finished-at="2024-05-08T17:58:10 EEST" duration-ms="11053">
      <class name="curs19.SeleniumLocators">
        <test-method is-config="true" signature="setup()[pri:0, instance:curs19.SeleniumLocators@32eff876]" started-at="2024-05-08T17:57:59 EEST" name="setup" finished-at="2024-05-08T17:58:02 EEST" duration-ms="3702" status="PASS">
          <reporter-output>
          </reporter-output>
        </test-method> <!-- setup -->
        <test-method signature="tagNameLocator()[pri:1, instance:curs19.SeleniumLocators@32eff876]" started-at="2024-05-08T17:58:02 EEST" name="tagNameLocator" finished-at="2024-05-08T17:58:02 EEST" duration-ms="70" status="PASS">
          <reporter-output>
          </reporter-output>
        </test-method> <!-- tagNameLocator -->
        <test-method signature="linkTextLocator()[pri:2, instance:curs19.SeleniumLocators@32eff876]" started-at="2024-05-08T17:58:02 EEST" name="linkTextLocator" finished-at="2024-05-08T17:58:03 EEST" duration-ms="715" status="PASS">
          <reporter-output>
          </reporter-output>
        </test-method> <!-- linkTextLocator -->
        <test-method signature="partialLinkTextLocator()[pri:3, instance:curs19.SeleniumLocators@32eff876]" started-at="2024-05-08T17:58:03 EEST" name="partialLinkTextLocator" finished-at="2024-05-08T17:58:04 EEST" duration-ms="1191" status="PASS">
          <reporter-output>
          </reporter-output>
        </test-method> <!-- partialLinkTextLocator -->
        <test-method signature="classNameLocator()[pri:4, instance:curs19.SeleniumLocators@32eff876]" started-at="2024-05-08T17:58:04 EEST" name="classNameLocator" finished-at="2024-05-08T17:58:04 EEST" duration-ms="92" status="PASS">
          <reporter-output>
          </reporter-output>
        </test-method> <!-- classNameLocator -->
        <test-method is-config="true" signature="tearDown()[pri:0, instance:curs19.SeleniumLocators@32eff876]" started-at="2024-05-08T17:58:04 EEST" name="tearDown" finished-at="2024-05-08T17:58:10 EEST" duration-ms="5234" status="PASS">
          <reporter-output>
          </reporter-output>
        </test-method> <!-- tearDown -->
      </class> <!-- curs19.SeleniumLocators -->
    </test> <!-- Default test -->
  </suite> <!-- Default suite -->
</testng-results>
